New log file opened at Tue Oct 20 16:02:53 GMT-03:00 2015 by 1936@Johanny-PC
Sending msg to client activator-5cec98df-2b03-4f76-9ff8-c114342d2cbc: DetachedLogEvent(LogMessage(debug,sbt server socket logs are in: D:\Workspaces\si1\Lab02\si1-lab2\EncontroMusical\.sbtserver\connections\master.log))
Sending msg to client activator-5cec98df-2b03-4f76-9ff8-c114342d2cbc: DetachedLogEvent(LogMessage(debug,sbt general server logs are in: D:\Workspaces\si1\Lab02\si1-lab2\EncontroMusical\.sbtserver\master.log))
Sending msg to client activator-5cec98df-2b03-4f76-9ff8-c114342d2cbc: DetachedLogEvent(LogMessage(debug,sbt client logs are in: D:\Workspaces\si1\Lab02\si1-lab2\EncontroMusical\.sbtserver\connections\activator-5cec98df-2b03-4f76-9ff8-c114342d2cbc.log))
Dropping message DetachedLogEvent(LogMessage(debug,sbt client logs are in: D:\Workspaces\si1\Lab02\si1-lab2\EncontroMusical\.sbtserver\connections\activator-5cec98df-2b03-4f76-9ff8-c114342d2cbc.log)) because client activator-5cec98df-2b03-4f76-9ff8-c114342d2cbc of an exception serializing and sending: java.net.SocketException: Software caused connection abort: socket write error
stack trace sending message was 
java.net.SocketException: Software caused connection abort: socket write error
	at java.net.SocketOutputStream.socketWrite0(Native Method)
	at java.net.SocketOutputStream.socketWrite(Unknown Source)
	at java.net.SocketOutputStream.write(Unknown Source)
	at java.io.BufferedOutputStream.flushBuffer(Unknown Source)
	at java.io.BufferedOutputStream.flush(Unknown Source)
	at java.io.DataOutputStream.flush(Unknown Source)
	at sbt.impl.ipc.Peer.send(IPC.scala:79)
	at sbt.impl.ipc.Peer.send(IPC.scala:83)
	at sbt.impl.ipc.Peer.sendString(IPC.scala:106)
	at sbt.impl.ipc.Peer.sendJson(IPC.scala:119)
	at sbt.server.SbtClientHandler$$anonfun$send$1.apply$mcV$sp(SbtClientHandler.scala:128)
	at sbt.server.SbtClientHandler.wrappedSend(SbtClientHandler.scala:113)
	at sbt.server.SbtClientHandler.send(SbtClientHandler.scala:128)
	at sbt.server.SbtClientHandler$clientThread$.run(SbtClientHandler.scala:42)
Reading next message from client.
Client activator-5cec98df-2b03-4f76-9ff8-c114342d2cbc closed, java.net.SocketException: socket is closed, shutting down
Client activator-5cec98df-2b03-4f76-9ff8-c114342d2cbc thread exiting.
Dropping message (0,ReceivedResponse()) to dead client activator-5cec98df-2b03-4f76-9ff8-c114342d2cbc
